<?xml version="1.0" encoding="UTF-8"?>
<testng-results skipped="0" failed="1" total="2" passed="1">
  <reporter-output>
  </reporter-output>
  <suite name="Default suite" duration-ms="3917" started-at="2018-10-22T05:21:08Z" finished-at="2018-10-22T05:21:12Z">
    <groups>
    </groups>
    <test name="Default test" duration-ms="3917" started-at="2018-10-22T05:21:08Z" finished-at="2018-10-22T05:21:12Z">
      <class name="com.qa.tests.PostAPI_CreateNewCustomer">
        <test-method status="PASS" signature="setup()[pri:0, instance:com.qa.tests.PostAPI_CreateNewCustomer@6a024a67]" name="setup" is-config="true" duration-ms="5" started-at="2018-10-22T10:51:08Z" finished-at="2018-10-22T10:51:08Z">
          <reporter-output>
          </reporter-output>
        </test-method> <!-- setup -->
        <test-method status="PASS" signature="postAPITest_Create()[pri:0, instance:com.qa.tests.PostAPI_CreateNewCustomer@6a024a67]" name="postAPITest_Create" duration-ms="3122" started-at="2018-10-22T10:51:08Z" finished-at="2018-10-22T10:51:11Z">
          <reporter-output>
          </reporter-output>
        </test-method> <!-- postAPITest_Create -->
        <test-method status="FAIL" signature="postAPITest_Search()[pri:0, instance:com.qa.tests.PostAPI_CreateNewCustomer@6a024a67]" name="postAPITest_Search" duration-ms="777" started-at="2018-10-22T10:51:11Z" finished-at="2018-10-22T10:51:12Z">
          <exception class="java.lang.AssertionError">
            <message>
              <![CDATA[expected [200] but found [500]]]>
            </message>
            <full-stacktrace>
              <![CDATA[java.lang.AssertionError: expected [200] but found [500]
	at org.testng.Assert.fail(Assert.java:94)
	at org.testng.Assert.failNotEquals(Assert.java:494)
	at org.testng.Assert.assertEquals(Assert.java:123)
	at org.testng.Assert.assertEquals(Assert.java:370)
	at org.testng.Assert.assertEquals(Assert.java:380)
	at com.qa.tests.PostAPI_CreateNewCustomer.postAPITest_Search(PostAPI_CreateNewCustomer.java:131)
	at sun.reflect.NativeMethodAccessorImpl.invoke0(Native Method)
	at sun.reflect.NativeMethodAccessorImpl.invoke(Unknown Source)
	at sun.reflect.DelegatingMethodAccessorImpl.invoke(Unknown Source)
	at java.lang.reflect.Method.invoke(Unknown Source)
	at org.testng.internal.MethodInvocationHelper.invokeMethod(MethodInvocationHelper.java:80)
	at org.testng.internal.Invoker.invokeMethod(Invoker.java:714)
	at org.testng.internal.Invoker.invokeTestMethod(Invoker.java:901)
	at org.testng.internal.Invoker.invokeTestMethods(Invoker.java:1231)
	at org.testng.internal.TestMethodWorker.invokeTestMethods(TestMethodWorker.java:127)
	at org.testng.internal.TestMethodWorker.run(TestMethodWorker.java:111)
	at org.testng.TestRunner.privateRun(TestRunner.java:767)
	at org.testng.TestRunner.run(TestRunner.java:617)
	at org.testng.SuiteRunner.runTest(SuiteRunner.java:334)
	at org.testng.SuiteRunner.runSequentially(SuiteRunner.java:329)
	at org.testng.SuiteRunner.privateRun(SuiteRunner.java:291)
	at org.testng.SuiteRunner.run(SuiteRunner.java:240)
	at org.testng.SuiteRunnerWorker.runSuite(SuiteRunnerWorker.java:52)
	at org.testng.SuiteRunnerWorker.run(SuiteRunnerWorker.java:86)
	at org.testng.TestNG.runSuitesSequentially(TestNG.java:1198)
	at org.testng.TestNG.runSuitesLocally(TestNG.java:1123)
	at org.testng.TestNG.run(TestNG.java:1031)
	at org.testng.remote.AbstractRemoteTestNG.run(AbstractRemoteTestNG.java:132)
	at org.testng.remote.RemoteTestNG.initAndRun(RemoteTestNG.java:230)
	at org.testng.remote.RemoteTestNG.main(RemoteTestNG.java:76)
]]>
            </full-stacktrace>
          </exception> <!-- java.lang.AssertionError -->
          <reporter-output>
          </reporter-output>
        </test-method> <!-- postAPITest_Search -->
        <test-method status="PASS" signature="setup()[pri:0, instance:com.qa.tests.PostAPI_CreateNewCustomer@6a024a67]" name="setup" is-config="true" duration-ms="0" started-at="2018-10-22T10:51:11Z" finished-at="2018-10-22T10:51:11Z">
          <reporter-output>
          </reporter-output>
        </test-method> <!-- setup -->
      </class> <!-- com.qa.tests.PostAPI_CreateNewCustomer -->
    </test> <!-- Default test -->
  </suite> <!-- Default suite -->
</testng-results>
